   1               		.file	"main.c"
   2               	__SP_H__ = 0x3e
   3               	__SP_L__ = 0x3d
   4               	__SREG__ = 0x3f
   5               	__tmp_reg__ = 0
   6               	__zero_reg__ = 1
   7               		.section	.text.pwm_init,"ax",@progbits
   8               	.global	pwm_init
  10               	pwm_init:
  11               	/* prologue: function */
  12               	/* frame size = 0 */
  13               	/* stack size = 0 */
  14               	.L__stack_usage = 0
  15 0000 E0E8      		ldi r30,lo8(-128)
  16 0002 F0E0      		ldi r31,0
  17 0004 82E0      		ldi r24,lo8(2)
  18 0006 8083      		st Z,r24
  19 0008 8081      		ld r24,Z
  20 000a 8F73      		andi r24,lo8(63)
  21 000c 8068      		ori r24,lo8(-128)
  22 000e 8083      		st Z,r24
  23 0010 8081      		ld r24,Z
  24 0012 8F7C      		andi r24,lo8(-49)
  25 0014 8062      		ori r24,lo8(32)
  26 0016 8083      		st Z,r24
  27 0018 8AE1      		ldi r24,lo8(26)
  28 001a 8093 8100 		sts 129,r24
  29 001e 88EB      		ldi r24,lo8(-72)
  30 0020 9BE0      		ldi r25,lo8(11)
  31 0022 9093 8900 		sts 136+1,r25
  32 0026 8093 8800 		sts 136,r24
  33 002a 9093 8B00 		sts 138+1,r25
  34 002e 8093 8A00 		sts 138,r24
  35 0032 80E2      		ldi r24,lo8(32)
  36 0034 9EE4      		ldi r25,lo8(78)
  37 0036 9093 8700 		sts 134+1,r25
  38 003a 8093 8600 		sts 134,r24
  39 003e 269A      		sbi 0x4,6
  40 0040 259A      		sbi 0x4,5
  41 0042 0895      		ret
  43               		.section	.text.uart_init,"ax",@progbits
  44               	.global	uart_init
  46               	uart_init:
  47               	/* prologue: function */
  48               	/* frame size = 0 */
  49               	/* stack size = 0 */
  50               	.L__stack_usage = 0
  51 0000 89E1      		ldi r24,lo8(25)
  52 0002 90E0      		ldi r25,0
  53 0004 9093 CD00 		sts 204+1,r25
  54 0008 8093 CC00 		sts 204,r24
  55 000c 82E0      		ldi r24,lo8(2)
  56 000e 8093 C800 		sts 200,r24
  57 0012 88E1      		ldi r24,lo8(24)
  58 0014 8093 C900 		sts 201,r24
  59 0018 86E0      		ldi r24,lo8(6)
  60 001a 8093 CA00 		sts 202,r24
  61 001e 0895      		ret
  63               		.section	.text.uart_putchar,"ax",@progbits
  64               	.global	uart_putchar
  66               	uart_putchar:
  67               	/* prologue: function */
  68               	/* frame size = 0 */
  69               	/* stack size = 0 */
  70               	.L__stack_usage = 0
  71               	.L5:
  72 0000 9091 C800 		lds r25,200
  73 0004 95FF      		sbrs r25,5
  74 0006 00C0      		rjmp .L5
  75 0008 8093 CE00 		sts 206,r24
  76 000c 0895      		ret
  78               		.section	.text.uart_putstring,"ax",@progbits
  79               	.global	uart_putstring
  81               	uart_putstring:
  82               	/* prologue: function */
  83               	/* frame size = 0 */
  84               	/* stack size = 0 */
  85               	.L__stack_usage = 0
  86               	.L8:
  87 0000 FC01      		movw r30,r24
  88 0002 2191      		ld r18,Z+
  89 0004 CF01      		movw r24,r30
  90 0006 2223      		tst r18
  91 0008 01F0      		breq .L12
  92               	.L10:
  93 000a 3091 C800 		lds r19,200
  94 000e 35FF      		sbrs r19,5
  95 0010 00C0      		rjmp .L10
  96 0012 2093 CE00 		sts 206,r18
  97 0016 00C0      		rjmp .L8
  98               	.L12:
  99               	/* epilogue start */
 100 0018 0895      		ret
 102               		.section	.text.readAngleA,"ax",@progbits
 103               	.global	readAngleA
 105               	readAngleA:
 106               	/* prologue: function */
 107               	/* frame size = 0 */
 108               	/* stack size = 0 */
 109               	.L__stack_usage = 0
 110 0000 8091 0000 		lds r24,angleA
 111 0004 0895      		ret
 113               		.section	.text.readAngleB,"ax",@progbits
 114               	.global	readAngleB
 116               	readAngleB:
 117               	/* prologue: function */
 118               	/* frame size = 0 */
 119               	/* stack size = 0 */
 120               	.L__stack_usage = 0
 121 0000 8091 0000 		lds r24,angleB
 122 0004 0895      		ret
 124               		.section	.rodata
 125               	.LC0:
 126 0000 616E 676C 		.string	"angle output by servo\n"
 126      6520 6F75 
 126      7470 7574 
 126      2062 7920 
 126      7365 7276 
 127 0017 00        		.string	""
 128               		.section	.text.writeAngle,"ax",@progbits
 129               	.global	writeAngle
 131               	writeAngle:
 132 0000 CF93      		push r28
 133 0002 DF93      		push r29
 134               	/* prologue: function */
 135               	/* frame size = 0 */
 136               	/* stack size = 2 */
 137               	.L__stack_usage = 2
 138 0004 EC01      		movw r28,r24
 139 0006 1816      		cp __zero_reg__,r24
 140 0008 1906      		cpc __zero_reg__,r25
 141 000a 04F4      		brge .L15
 142 000c 80E0      		ldi r24,lo8(.LC0)
 143 000e 90E0      		ldi r25,hi8(.LC0)
 144 0010 0E94 0000 		call uart_putstring
 145 0014 8C2F      		mov r24,r28
 146               	/* epilogue start */
 147 0016 DF91      		pop r29
 148 0018 CF91      		pop r28
 149 001a 0C94 0000 		jmp uart_putchar
 150               	.L15:
 151               	/* epilogue start */
 152 001e DF91      		pop r29
 153 0020 CF91      		pop r28
 154 0022 0895      		ret
 156               		.section	.rodata.str1.1,"aMS",@progbits,1
 157               	.LC1:
 158 0000 5365 7474 		.string	"Setting servo to A:"
 158      696E 6720 
 158      7365 7276 
 158      6F20 746F 
 158      2041 3A00 
 159               	.LC2:
 160 0014 0A0D 00   		.string	"\n\r"
 161               		.section	.text.writeAngleA,"ax",@progbits
 162               	.global	writeAngleA
 164               	writeAngleA:
 165 0000 CF92      		push r12
 166 0002 DF92      		push r13
 167 0004 EF92      		push r14
 168 0006 FF92      		push r15
 169 0008 CF93      		push r28
 170 000a DF93      		push r29
 171 000c CDB7      		in r28,__SP_L__
 172 000e DEB7      		in r29,__SP_H__
 173 0010 2897      		sbiw r28,8
 174 0012 0FB6      		in __tmp_reg__,__SREG__
 175 0014 F894      		cli
 176 0016 DEBF      		out __SP_H__,r29
 177 0018 0FBE      		out __SREG__,__tmp_reg__
 178 001a CDBF      		out __SP_L__,r28
 179               	/* prologue: function */
 180               	/* frame size = 8 */
 181               	/* stack size = 14 */
 182               	.L__stack_usage = 14
 183 001c 97FD      		sbrc r25,7
 184 001e 00C0      		rjmp .L20
 185 0020 853B      		cpi r24,-75
 186 0022 9105      		cpc r25,__zero_reg__
 187 0024 04F0      		brlt .L19
 188 0026 84EB      		ldi r24,lo8(-76)
 189 0028 90E0      		ldi r25,0
 190 002a 00C0      		rjmp .L19
 191               	.L20:
 192 002c 80E0      		ldi r24,0
 193 002e 90E0      		ldi r25,0
 194               	.L19:
 195 0030 9093 0000 		sts angleA+1,r25
 196 0034 8093 0000 		sts angleA,r24
 197 0038 C090 0000 		lds r12,min16
 198 003c D090 0000 		lds r13,min16+1
 199 0040 2091 0000 		lds r18,max16
 200 0044 3091 0000 		lds r19,max16+1
 201 0048 2C19      		sub r18,r12
 202 004a 3D09      		sbc r19,r13
 203 004c EE24      		clr r14
 204 004e D7FC      		sbrc r13,7
 205 0050 E094      		com r14
 206 0052 FE2C      		mov r15,r14
 207 0054 47E0      		ldi r20,7
 208               		1:
 209 0056 CC0C      		lsl r12
 210 0058 DD1C      		rol r13
 211 005a EE1C      		rol r14
 212 005c FF1C      		rol r15
 213 005e 4A95      		dec r20
 214 0060 01F4      		brne 1b
 215 0062 4427      		clr r20
 216 0064 37FD      		sbrc r19,7
 217 0066 4095      		com r20
 218 0068 542F      		mov r21,r20
 219 006a 67E0      		ldi r22,7
 220               		1:
 221 006c 220F      		lsl r18
 222 006e 331F      		rol r19
 223 0070 441F      		rol r20
 224 0072 551F      		rol r21
 225 0074 6A95      		dec r22
 226 0076 01F4      		brne 1b
 227 0078 DC01      		movw r26,r24
 228 007a 0E94 0000 		call __mulshisi3
 229 007e 24EB      		ldi r18,lo8(-76)
 230 0080 30E0      		ldi r19,0
 231 0082 40E0      		ldi r20,0
 232 0084 50E0      		ldi r21,0
 233 0086 0E94 0000 		call __divmodsi4
 234 008a C20E      		add r12,r18
 235 008c D31E      		adc r13,r19
 236 008e E41E      		adc r14,r20
 237 0090 F51E      		adc r15,r21
 238 0092 C701      		movw r24,r14
 239 0094 B601      		movw r22,r12
 240 0096 28E0      		ldi r18,lo8(8)
 241 0098 30E0      		ldi r19,0
 242 009a 40E0      		ldi r20,0
 243 009c 50E0      		ldi r21,0
 244 009e 0E94 0000 		call __divmodsi4
 245 00a2 3093 8900 		sts 136+1,r19
 246 00a6 2093 8800 		sts 136,r18
 247 00aa 80E0      		ldi r24,lo8(.LC1)
 248 00ac 90E0      		ldi r25,hi8(.LC1)
 249 00ae 0E94 0000 		call uart_putstring
 250 00b2 8091 0000 		lds r24,angleA
 251 00b6 4AE0      		ldi r20,lo8(10)
 252 00b8 BE01      		movw r22,r28
 253 00ba 6F5F      		subi r22,-1
 254 00bc 7F4F      		sbci r23,-1
 255 00be 90E0      		ldi r25,0
 256 00c0 0E94 0000 		call __itoa_ncheck
 257 00c4 CE01      		movw r24,r28
 258 00c6 0196      		adiw r24,1
 259 00c8 0E94 0000 		call uart_putstring
 260 00cc 80E0      		ldi r24,lo8(.LC2)
 261 00ce 90E0      		ldi r25,hi8(.LC2)
 262 00d0 0E94 0000 		call uart_putstring
 263               	/* epilogue start */
 264 00d4 2896      		adiw r28,8
 265 00d6 0FB6      		in __tmp_reg__,__SREG__
 266 00d8 F894      		cli
 267 00da DEBF      		out __SP_H__,r29
 268 00dc 0FBE      		out __SREG__,__tmp_reg__
 269 00de CDBF      		out __SP_L__,r28
 270 00e0 DF91      		pop r29
 271 00e2 CF91      		pop r28
 272 00e4 FF90      		pop r15
 273 00e6 EF90      		pop r14
 274 00e8 DF90      		pop r13
 275 00ea CF90      		pop r12
 276 00ec 0895      		ret
 278               		.section	.rodata.str1.1
 279               	.LC3:
 280 0017 5365 7474 		.string	"Setting servo to B:"
 280      696E 6720 
 280      7365 7276 
 280      6F20 746F 
 280      2042 3A00 
 281               		.section	.text.writeAngleB,"ax",@progbits
 282               	.global	writeAngleB
 284               	writeAngleB:
 285 0000 CF92      		push r12
 286 0002 DF92      		push r13
 287 0004 EF92      		push r14
 288 0006 FF92      		push r15
 289 0008 CF93      		push r28
 290 000a DF93      		push r29
 291 000c CDB7      		in r28,__SP_L__
 292 000e DEB7      		in r29,__SP_H__
 293 0010 2897      		sbiw r28,8
 294 0012 0FB6      		in __tmp_reg__,__SREG__
 295 0014 F894      		cli
 296 0016 DEBF      		out __SP_H__,r29
 297 0018 0FBE      		out __SREG__,__tmp_reg__
 298 001a CDBF      		out __SP_L__,r28
 299               	/* prologue: function */
 300               	/* frame size = 8 */
 301               	/* stack size = 14 */
 302               	.L__stack_usage = 14
 303 001c 97FD      		sbrc r25,7
 304 001e 00C0      		rjmp .L25
 305 0020 853B      		cpi r24,-75
 306 0022 9105      		cpc r25,__zero_reg__
 307 0024 04F0      		brlt .L24
 308 0026 84EB      		ldi r24,lo8(-76)
 309 0028 90E0      		ldi r25,0
 310 002a 00C0      		rjmp .L24
 311               	.L25:
 312 002c 80E0      		ldi r24,0
 313 002e 90E0      		ldi r25,0
 314               	.L24:
 315 0030 9093 0000 		sts angleB+1,r25
 316 0034 8093 0000 		sts angleB,r24
 317 0038 C090 0000 		lds r12,min16
 318 003c D090 0000 		lds r13,min16+1
 319 0040 2091 0000 		lds r18,max16
 320 0044 3091 0000 		lds r19,max16+1
 321 0048 2C19      		sub r18,r12
 322 004a 3D09      		sbc r19,r13
 323 004c EE24      		clr r14
 324 004e D7FC      		sbrc r13,7
 325 0050 E094      		com r14
 326 0052 FE2C      		mov r15,r14
 327 0054 77E0      		ldi r23,7
 328               		1:
 329 0056 CC0C      		lsl r12
 330 0058 DD1C      		rol r13
 331 005a EE1C      		rol r14
 332 005c FF1C      		rol r15
 333 005e 7A95      		dec r23
 334 0060 01F4      		brne 1b
 335 0062 4427      		clr r20
 336 0064 37FD      		sbrc r19,7
 337 0066 4095      		com r20
 338 0068 542F      		mov r21,r20
 339 006a E7E0      		ldi r30,7
 340               		1:
 341 006c 220F      		lsl r18
 342 006e 331F      		rol r19
 343 0070 441F      		rol r20
 344 0072 551F      		rol r21
 345 0074 EA95      		dec r30
 346 0076 01F4      		brne 1b
 347 0078 DC01      		movw r26,r24
 348 007a 0E94 0000 		call __mulshisi3
 349 007e 24EB      		ldi r18,lo8(-76)
 350 0080 30E0      		ldi r19,0
 351 0082 40E0      		ldi r20,0
 352 0084 50E0      		ldi r21,0
 353 0086 0E94 0000 		call __divmodsi4
 354 008a C20E      		add r12,r18
 355 008c D31E      		adc r13,r19
 356 008e E41E      		adc r14,r20
 357 0090 F51E      		adc r15,r21
 358 0092 C701      		movw r24,r14
 359 0094 B601      		movw r22,r12
 360 0096 28E0      		ldi r18,lo8(8)
 361 0098 30E0      		ldi r19,0
 362 009a 40E0      		ldi r20,0
 363 009c 50E0      		ldi r21,0
 364 009e 0E94 0000 		call __divmodsi4
 365 00a2 3093 8B00 		sts 138+1,r19
 366 00a6 2093 8A00 		sts 138,r18
 367 00aa 80E0      		ldi r24,lo8(.LC3)
 368 00ac 90E0      		ldi r25,hi8(.LC3)
 369 00ae 0E94 0000 		call uart_putstring
 370 00b2 8091 0000 		lds r24,angleB
 371 00b6 4AE0      		ldi r20,lo8(10)
 372 00b8 BE01      		movw r22,r28
 373 00ba 6F5F      		subi r22,-1
 374 00bc 7F4F      		sbci r23,-1
 375 00be 90E0      		ldi r25,0
 376 00c0 0E94 0000 		call __itoa_ncheck
 377 00c4 CE01      		movw r24,r28
 378 00c6 0196      		adiw r24,1
 379 00c8 0E94 0000 		call uart_putstring
 380 00cc 80E0      		ldi r24,lo8(.LC2)
 381 00ce 90E0      		ldi r25,hi8(.LC2)
 382 00d0 0E94 0000 		call uart_putstring
 383               	/* epilogue start */
 384 00d4 2896      		adiw r28,8
 385 00d6 0FB6      		in __tmp_reg__,__SREG__
 386 00d8 F894      		cli
 387 00da DEBF      		out __SP_H__,r29
 388 00dc 0FBE      		out __SREG__,__tmp_reg__
 389 00de CDBF      		out __SP_L__,r28
 390 00e0 DF91      		pop r29
 391 00e2 CF91      		pop r28
 392 00e4 FF90      		pop r15
 393 00e6 EF90      		pop r14
 394 00e8 DF90      		pop r13
 395 00ea CF90      		pop r12
 396 00ec 0895      		ret
 398               		.section	.text.uart_hw_getc_timeout,"ax",@progbits
 399               	.global	uart_hw_getc_timeout
 401               	uart_hw_getc_timeout:
 402               	/* prologue: function */
 403               	/* frame size = 0 */
 404               	/* stack size = 0 */
 405               	.L__stack_usage = 0
 406               	.L28:
 407 0000 2091 C800 		lds r18,200
 408 0004 27FD      		sbrc r18,7
 409 0006 00C0      		rjmp .L32
 410 0008 6115      		cp r22,__zero_reg__
 411 000a 7105      		cpc r23,__zero_reg__
 412 000c 01F0      		breq .L31
 413 000e EFEC      		ldi r30,lo8(1999)
 414 0010 F7E0      		ldi r31,hi8(1999)
 415 0012 3197      		1: sbiw r30,1
 416 0014 01F4      		brne 1b
 417 0016 00C0      		rjmp .
 418 0018 0000      		nop
 419 001a 6150      		subi r22,1
 420 001c 7109      		sbc r23,__zero_reg__
 421 001e 00C0      		rjmp .L28
 422               	.L32:
 423 0020 2091 CE00 		lds r18,206
 424 0024 FC01      		movw r30,r24
 425 0026 2083      		st Z,r18
 426 0028 80E0      		ldi r24,0
 427 002a 0895      		ret
 428               	.L31:
 429 002c 81E0      		ldi r24,lo8(1)
 430 002e 0895      		ret
 432               		.section	.text.uart_hw_getc,"ax",@progbits
 433               	.global	uart_hw_getc
 435               	uart_hw_getc:
 436               	/* prologue: function */
 437               	/* frame size = 0 */
 438               	/* stack size = 0 */
 439               	.L__stack_usage = 0
 440               	.L35:
 441 0000 8091 C800 		lds r24,200
 442 0004 87FF      		sbrs r24,7
 443 0006 00C0      		rjmp .L35
 444 0008 8091 CE00 		lds r24,206
 445 000c 0895      		ret
 447               		.section	.text.startup.main,"ax",@progbits
 448               	.global	main
 450               	main:
 451               	/* prologue: function */
 452               	/* frame size = 0 */
 453               	/* stack size = 0 */
 454               	.L__stack_usage = 0
 455 0000 0E94 0000 		call uart_init
 456 0004 0E94 0000 		call pwm_init
 457 0008 80E8      		ldi r24,lo8(-128)
 458 000a 8093 6100 		sts 97,r24
 459 000e 81E0      		ldi r24,lo8(1)
 460 0010 8093 6100 		sts 97,r24
 461               	.L37:
 462 0014 0E94 0000 		call uart_hw_getc
 463 0018 8832      		cpi r24,lo8(40)
 464 001a 01F4      		brne .L37
 465 001c 0E94 0000 		call uart_hw_getc
 466 0020 D82F      		mov r29,r24
 467 0022 0E94 0000 		call uart_hw_getc
 468 0026 C82F      		mov r28,r24
 469 0028 0E94 0000 		call uart_hw_getc
 470 002c 8932      		cpi r24,lo8(41)
 471 002e 01F4      		brne .L37
 472 0030 8D2F      		mov r24,r29
 473 0032 90E0      		ldi r25,0
 474 0034 0E94 0000 		call writeAngleA
 475 0038 8C2F      		mov r24,r28
 476 003a 90E0      		ldi r25,0
 477 003c 0E94 0000 		call writeAngleB
 478 0040 00C0      		rjmp .L37
 480               	.global	max16
 481               		.data
 484               	max16:
 485 0000 9600      		.word	150
 486               	.global	min16
 489               	min16:
 490 0002 2200      		.word	34
 491               		.comm	angleB,2,1
 492               		.comm	angleA,2,1
 493               		.ident	"GCC: (GNU) 4.8.1"
 494               	.global __do_copy_data
 495               	.global __do_clear_bss
DEFINED SYMBOLS
                            *ABS*:00000000 main.c
/var/folders/g0/t7gb5x011kl_r9vf305tr7w80000gn/T//ccYE9spm.s:2      *ABS*:0000003e __SP_H__
/var/folders/g0/t7gb5x011kl_r9vf305tr7w80000gn/T//ccYE9spm.s:3      *ABS*:0000003d __SP_L__
/var/folders/g0/t7gb5x011kl_r9vf305tr7w80000gn/T//ccYE9spm.s:4      *ABS*:0000003f __SREG__
/var/folders/g0/t7gb5x011kl_r9vf305tr7w80000gn/T//ccYE9spm.s:5      *ABS*:00000000 __tmp_reg__
/var/folders/g0/t7gb5x011kl_r9vf305tr7w80000gn/T//ccYE9spm.s:6      *ABS*:00000001 __zero_reg__
/var/folders/g0/t7gb5x011kl_r9vf305tr7w80000gn/T//ccYE9spm.s:10     .text.pwm_init:00000000 pwm_init
/var/folders/g0/t7gb5x011kl_r9vf305tr7w80000gn/T//ccYE9spm.s:46     .text.uart_init:00000000 uart_init
/var/folders/g0/t7gb5x011kl_r9vf305tr7w80000gn/T//ccYE9spm.s:66     .text.uart_putchar:00000000 uart_putchar
/var/folders/g0/t7gb5x011kl_r9vf305tr7w80000gn/T//ccYE9spm.s:81     .text.uart_putstring:00000000 uart_putstring
/var/folders/g0/t7gb5x011kl_r9vf305tr7w80000gn/T//ccYE9spm.s:105    .text.readAngleA:00000000 readAngleA
                            *COM*:00000002 angleA
/var/folders/g0/t7gb5x011kl_r9vf305tr7w80000gn/T//ccYE9spm.s:116    .text.readAngleB:00000000 readAngleB
                            *COM*:00000002 angleB
/var/folders/g0/t7gb5x011kl_r9vf305tr7w80000gn/T//ccYE9spm.s:131    .text.writeAngle:00000000 writeAngle
/var/folders/g0/t7gb5x011kl_r9vf305tr7w80000gn/T//ccYE9spm.s:164    .text.writeAngleA:00000000 writeAngleA
/var/folders/g0/t7gb5x011kl_r9vf305tr7w80000gn/T//ccYE9spm.s:489    .data:00000002 min16
/var/folders/g0/t7gb5x011kl_r9vf305tr7w80000gn/T//ccYE9spm.s:484    .data:00000000 max16
/var/folders/g0/t7gb5x011kl_r9vf305tr7w80000gn/T//ccYE9spm.s:284    .text.writeAngleB:00000000 writeAngleB
/var/folders/g0/t7gb5x011kl_r9vf305tr7w80000gn/T//ccYE9spm.s:401    .text.uart_hw_getc_timeout:00000000 uart_hw_getc_timeout
/var/folders/g0/t7gb5x011kl_r9vf305tr7w80000gn/T//ccYE9spm.s:435    .text.uart_hw_getc:00000000 uart_hw_getc
/var/folders/g0/t7gb5x011kl_r9vf305tr7w80000gn/T//ccYE9spm.s:450    .text.startup.main:00000000 main

UNDEFINED SYMBOLS
__mulshisi3
__divmodsi4
__itoa_ncheck
__do_copy_data
__do_clear_bss
